ISim log file
Running: D:\ISE Project\COD-Labs\Lab06_Multicycle_CPU\simu_isim_beh.exe -gui -tclbatch isim.cmd -wdb D:/ISE Project/COD-Labs/Lab06_Multicycle_CPU/simu_isim_beh.wdb 
ISim M.70d (signature 0x16fbe694)
----------------------------------------------------------------------
WARNING:Security:42 - Your software subscription period has lapsed. Your current version of Xilinx tools will continue to function, but you no longer qualify for Xilinx software updates or new releases.


----------------------------------------------------------------------
This is a Full version of ISim.
WARNING:  For instance uut/myMemory/, width 7 of formal port addra is not equal to width 32 of actual constant.
Time resolution is 1 ps
# onerror resume
# wave add /
# run 1000 ns
Simulator is doing circuit initialization process.
 Block Memory Generator CORE Generator module loading initial data...
 Block Memory Generator data initialization complete.
Block Memory Generator CORE Generator module simu.uut.myMemory.inst.blk_mem_gen_v4_3_inst is using a behavioral model for simulation which will not precisely model memory collision behavior.
Finished circuit initialization process.
# run 20ns
# run 20ns
# run 20ns
# run 20ns
# run 20ns
# run 20ns
# restart
# run 570ns
Simulator is doing circuit initialization process.
 Block Memory Generator CORE Generator module loading initial data...
 Block Memory Generator data initialization complete.
Block Memory Generator CORE Generator module simu.uut.myMemory.inst.blk_mem_gen_v4_3_inst is using a behavioral model for simulation which will not precisely model memory collision behavior.
Finished circuit initialization process.
# run 20ns
# run 20ns
# run 20ns
# run 20ns
# run 20ns
# run 20ns
# run 20ns
# run 20ns
# run 20ns
# run 20ns
# run 20ns
# run 20ns
