Project, 'coregen', initialised from file 'D:\ISE
Project\COD-Labs\Lab07_MIPS_CPU\ipcore_dir\coregen.cgp'.
Customizing IP...
Qt: Untested Windows version 6.2 detected!
Release 12.3 - Xilinx CORE Generator IP GUI Launcher M.70d (nt64)
Copyright (c) 1995-2010 Xilinx, Inc.  All rights reserved.
Initializing IP model...
Finished initialising IP model.
Finished Customizing.
Generating IP...
WARNING:sim:89 - A core named <Memory> already exists in the output directory.
   Output products for this core may be overwritten.
Initializing IP model...
Finished initialising IP model.
XST: HDL Compilation
XST: Design Hierarchy Analysis
XST: HDL Analysis
Generating Implementation files.
Generating ISE symbol file...
WARNING:coreutil - WARNING: Default charset GBK not supported, using ISO-8859-1
   instead
Generating NGC file.
Finished Generation Stage.
Generating IP instantiation template...
Generating the VHDL instantiation template.
WARNING:coreutil - WARNING: Default charset GBK not supported, using ISO-8859-1
   instead
Finished generating IP instantiation template.
Generating metadata file...
Finished generating metadata file.
Generating metadata file...
Finished generating metadata file.
Generating ISE file...
Finished ISE file generation.
Generating FLIST file...
Finished FLIST file generation.
Preparing output directory...
Finished preparing output directory.
Launching readme viewer...
Launched readme viewer.
Moving files to output directory...
Finished moving files to output directory
Saved options for project 'coregen'.
Saved options for project 'coregen'.
